[ +792 ms] Artifact Instance of 'MaterialFonts' is not required, skipping update.
[   +3 ms] Artifact Instance of 'GradleWrapper' is not required, skipping update.
[        ] Artifact Instance of 'AndroidGenSnapshotArtifacts' is not required, skipping update.
[        ] Artifact Instance of 'AndroidInternalBuildArtifacts' is not required, skipping update.
[        ] Artifact Instance of 'IOSEngineArtifacts' is not required, skipping update.
[        ] Artifact Instance of 'FlutterWebSdk' is not required, skipping update.
[   +1 ms] Artifact Instance of 'LegacyCanvasKitRemover' is not required, skipping update.
[        ] Artifact Instance of 'FlutterSdk' is not required, skipping update.
[        ] Artifact Instance of 'WindowsEngineArtifacts' is not required, skipping update.
[        ] Artifact Instance of 'MacOSEngineArtifacts' is not required, skipping update.
[        ] Artifact Instance of 'LinuxEngineArtifacts' is not required, skipping update.
[        ] Artifact Instance of 'LinuxFuchsiaSDKArtifacts' is not required, skipping update.
[        ] Artifact Instance of 'MacOSFuchsiaSDKArtifacts' is not required, skipping update.
[        ] Artifact Instance of 'FlutterRunnerSDKArtifacts' is not required, skipping update.
[        ] Artifact Instance of 'FlutterRunnerDebugSymbols' is not required, skipping update.
[        ] Artifact Instance of 'IosUsbArtifacts' is not required, skipping update.
[        ] Artifact Instance of 'IosUsbArtifacts' is not required, skipping update.
[        ] Artifact Instance of 'IosUsbArtifacts' is not required, skipping update.
[        ] Artifact Instance of 'IosUsbArtifacts' is not required, skipping update.
[        ] Artifact Instance of 'IosUsbArtifacts' is not required, skipping update.
[        ] Artifact Instance of 'IosUsbArtifacts' is not required, skipping update.
[        ] Artifact Instance of 'FontSubsetArtifacts' is not required, skipping update.
[        ] Artifact Instance of 'PubDependencies' is not required, skipping update.
[        ] executing: [C:\src\flutter/] git -c log.showSignature=false log HEAD -n 1 --pretty=format:%ad --date=iso
[ +112 ms] Exit code 0 from: git -c log.showSignature=false log HEAD -n 1 --pretty=format:%ad --date=iso
[        ] 2026-05-29 12:13:22 -0400
[  +18 ms] Artifact Instance of 'AndroidGenSnapshotArtifacts' is not required, skipping update.
[        ] Artifact Instance of 'AndroidInternalBuildArtifacts' is not required, skipping update.
[        ] Artifact Instance of 'IOSEngineArtifacts' is not required, skipping update.
[        ] Artifact Instance of 'FlutterWebSdk' is not required, skipping update.
[        ] Artifact Instance of 'FlutterEngineStamp' is not required, skipping update.
[        ] Artifact Instance of 'LegacyCanvasKitRemover' is not required, skipping update.
[   +6 ms] Artifact Instance of 'WindowsEngineArtifacts' is not required, skipping update.
[        ] Artifact Instance of 'MacOSEngineArtifacts' is not required, skipping update.
[        ] Artifact Instance of 'LinuxEngineArtifacts' is not required, skipping update.
[        ] Artifact Instance of 'LinuxFuchsiaSDKArtifacts' is not required, skipping update.
[        ] Artifact Instance of 'MacOSFuchsiaSDKArtifacts' is not required, skipping update.
[        ] Artifact Instance of 'FlutterRunnerSDKArtifacts' is not required, skipping update.
[        ] Artifact Instance of 'FlutterRunnerDebugSymbols' is not required, skipping update.
[  +66 ms] Artifact Instance of 'MaterialFonts' is not required, skipping update.
[        ] Artifact Instance of 'GradleWrapper' is not required, skipping update.
[        ] Artifact Instance of 'AndroidGenSnapshotArtifacts' is not required, skipping update.
[        ] Artifact Instance of 'AndroidInternalBuildArtifacts' is not required, skipping update.
[        ] Artifact Instance of 'IOSEngineArtifacts' is not required, skipping update.
[   +1 ms] Artifact Instance of 'FlutterEngineStamp' is not required, skipping update.
[        ] Artifact Instance of 'FlutterSdk' is not required, skipping update.
[        ] Artifact Instance of 'WindowsEngineArtifacts' is not required, skipping update.
[        ] Artifact Instance of 'MacOSEngineArtifacts' is not required, skipping update.
[        ] Artifact Instance of 'LinuxEngineArtifacts' is not required, skipping update.
[        ] Artifact Instance of 'LinuxFuchsiaSDKArtifacts' is not required, skipping update.
[        ] Artifact Instance of 'MacOSFuchsiaSDKArtifacts' is not required, skipping update.
[        ] Artifact Instance of 'FlutterRunnerSDKArtifacts' is not required, skipping update.
[        ] Artifact Instance of 'FlutterRunnerDebugSymbols' is not required, skipping update.
[        ] Artifact Instance of 'IosUsbArtifacts' is not required, skipping update.
[        ] Artifact Instance of 'IosUsbArtifacts' is not required, skipping update.
[        ] Artifact Instance of 'IosUsbArtifacts' is not required, skipping update.
[        ] Artifact Instance of 'IosUsbArtifacts' is not required, skipping update.
[        ] Artifact Instance of 'IosUsbArtifacts' is not required, skipping update.
[        ] Artifact Instance of 'IosUsbArtifacts' is not required, skipping update.
[        ] Artifact Instance of 'FontSubsetArtifacts' is not required, skipping update.
[        ] Artifact Instance of 'PubDependencies' is not required, skipping update.
[  +20 ms] executing: [C:\src\zankurd_audit_2026-07-15\zankurd_mobile/] C:\src\flutter\bin\cache\dart-sdk\bin\dart pub --suppress-analytics --directory . get --example
Resolving dependencies...
Downloading packages...
  _flutterfire_internals 1.3.59 (1.3.74 available)
  app_links 7.1.2 (7.2.1 available)
  app_links_platform_interface 2.0.3 (2.0.4 available)
  connectivity_plus 6.1.5 (7.2.0 available)
  cross_file 0.3.5+2 (0.3.5+4 available)
  firebase_analytics 11.6.0 (12.4.4 available)
  firebase_analytics_platform_interface 4.4.3 (6.0.4 available)
  firebase_analytics_web 0.5.10+16 (0.6.1+10 available)
  firebase_core 3.15.2 (4.12.0 available)
  firebase_core_platform_interface 6.0.3 (7.1.0 available)
  firebase_core_web 2.24.1 (3.9.0 available)
  firebase_crashlytics 4.3.10 (5.2.5 available)
  firebase_crashlytics_platform_interface 3.8.10 (3.8.25 available)
  flutter_local_notifications 17.2.4 (22.0.1 available)
  flutter_local_notifications_linux 4.0.1 (8.0.1 available)
  flutter_local_notifications_platform_interface 7.2.0 (12.0.0 available)
  golden_toolkit 0.15.0 (discontinued)
  lottie 3.3.3 (3.5.1 available)
  matcher 0.12.19 (0.12.20 available)
  meta 1.18.0 (1.19.0 available)
! objective_c 5.0.0 (overridden) (9.4.1 available)
  package_info_plus 9.0.1 (10.2.1 available)
  package_info_plus_platform_interface 3.2.1 (4.1.0 available)
  path_provider 2.1.5 (2.1.6 available)
! path_provider_android 2.2.23 (overridden) (2.3.1 available)
! path_provider_foundation 2.5.1 (overridden) (2.6.0 available)
  path_provider_linux 2.2.1 (2.2.2 available)
  path_provider_platform_interface 2.1.2 (2.1.3 available)
  share_plus 10.1.4 (13.2.0 available)
  share_plus_platform_interface 5.0.2 (7.1.0 available)
  shared_preferences_android 2.4.26 (2.4.27 available)
  test_api 0.7.11 (0.7.13 available)
  timezone 0.9.4 (0.11.1 available)
  vector_math 2.2.0 (2.4.0 available)
  win32 5.15.0 (6.3.0 available)
  xml 6.6.1 (7.0.1 available)
Got dependencies!
1 package is discontinued.
35 packages have newer versions incompatible with dependency constraints.
Try `flutter pub outdated` for more information.
[+1166 ms] Found plugin integration_test at C:\src\flutter\packages\integration_test\
[  +90 ms] Found plugin url_launcher at C:\src\pub-cache\hosted\pub.dev\url_launcher-6.3.2\
[   +3 ms] Found plugin url_launcher_windows at C:\src\pub-cache\hosted\pub.dev\url_launcher_windows-3.1.5\
[   +5 ms] Found plugin url_launcher_web at C:\src\pub-cache\hosted\pub.dev\url_launcher_web-2.4.3\
[   +4 ms] Found plugin url_launcher_macos at C:\src\pub-cache\hosted\pub.dev\url_launcher_macos-3.2.5\
[   +2 ms] Found plugin url_launcher_linux at C:\src\pub-cache\hosted\pub.dev\url_launcher_linux-3.2.2\
[   +4 ms] Found plugin url_launcher_ios at C:\src\pub-cache\hosted\pub.dev\url_launcher_ios-6.4.1\
[   +3 ms] Found plugin url_launcher_android at C:\src\pub-cache\hosted\pub.dev\url_launcher_android-6.3.32\
[  +31 ms] Found plugin shared_preferences at C:\src\pub-cache\hosted\pub.dev\shared_preferences-2.5.5\
[   +3 ms] Found plugin shared_preferences_windows at C:\src\pub-cache\hosted\pub.dev\shared_preferences_windows-2.4.1\
[   +3 ms] Found plugin path_provider_windows at C:\src\pub-cache\hosted\pub.dev\path_provider_windows-2.3.0\
[   +7 ms] Found plugin shared_preferences_web at C:\src\pub-cache\hosted\pub.dev\shared_preferences_web-2.4.3\
[   +3 ms] Found plugin shared_preferences_linux at C:\src\pub-cache\hosted\pub.dev\shared_preferences_linux-2.4.1\
[   +1 ms] Found plugin path_provider_linux at C:\src\pub-cache\hosted\pub.dev\path_provider_linux-2.2.1\
[   +2 ms] Found plugin shared_preferences_foundation at C:\src\pub-cache\hosted\pub.dev\shared_preferences_foundation-2.5.6\
[   +2 ms] Found plugin shared_preferences_android at C:\src\pub-cache\hosted\pub.dev\shared_preferences_android-2.4.26\
[   +3 ms] Found plugin app_links at C:\src\pub-cache\hosted\pub.dev\app_links-7.1.2\
[   +2 ms] Found plugin app_links_web at C:\src\pub-cache\hosted\pub.dev\app_links_web-1.0.4\
[   +2 ms] Found plugin app_links_linux at C:\src\pub-cache\hosted\pub.dev\app_links_linux-1.0.3\
[   +1 ms] Found plugin gtk at C:\src\pub-cache\hosted\pub.dev\gtk-2.2.0\
[   +3 ms] Found plugin share_plus at C:\src\pub-cache\hosted\pub.dev\share_plus-10.1.4\
[  +10 ms] Found plugin path_provider at C:\src\pub-cache\hosted\pub.dev\path_provider-2.1.5\
[   +2 ms] Found plugin path_provider_foundation at C:\src\pub-cache\hosted\pub.dev\path_provider_foundation-2.5.1\
[   +2 ms] Found plugin path_provider_android at C:\src\pub-cache\hosted\pub.dev\path_provider_android-2.2.23\
[   +7 ms] Found plugin package_info_plus at C:\src\pub-cache\hosted\pub.dev\package_info_plus-9.0.1\
[   +8 ms] Found plugin in_app_review at C:\src\pub-cache\hosted\pub.dev\in_app_review-2.0.12\
[   +3 ms] Found plugin image_picker at C:\src\pub-cache\hosted\pub.dev\image_picker-1.2.3\
[   +1 ms] Found plugin image_picker_windows at C:\src\pub-cache\hosted\pub.dev\image_picker_windows-0.2.2\
[   +3 ms] Found plugin file_selector_windows at C:\src\pub-cache\hosted\pub.dev\file_selector_windows-0.9.3+5\
[   +4 ms] Found plugin image_picker_macos at C:\src\pub-cache\hosted\pub.dev\image_picker_macos-0.2.2+1\
[   +3 ms] Found plugin file_selector_macos at C:\src\pub-cache\hosted\pub.dev\file_selector_macos-0.9.5\
[   +2 ms] Found plugin image_picker_linux at C:\src\pub-cache\hosted\pub.dev\image_picker_linux-0.2.2\
[   +3 ms] Found plugin file_selector_linux at C:\src\pub-cache\hosted\pub.dev\file_selector_linux-0.9.4\
[   +2 ms] Found plugin image_picker_ios at C:\src\pub-cache\hosted\pub.dev\image_picker_ios-0.8.13+6\
[   +2 ms] Found plugin image_picker_for_web at C:\src\pub-cache\hosted\pub.dev\image_picker_for_web-3.1.1\
[   +2 ms] Found plugin image_picker_android at C:\src\pub-cache\hosted\pub.dev\image_picker_android-0.8.13+19\
[   +2 ms] Found plugin flutter_plugin_android_lifecycle at C:\src\pub-cache\hosted\pub.dev\flutter_plugin_android_lifecycle-2.0.35\
[   +2 ms] Found plugin flutter_local_notifications at C:\src\pub-cache\hosted\pub.dev\flutter_local_notifications-17.2.4\
[   +3 ms] Found plugin flutter_local_notifications_linux at C:\src\pub-cache\hosted\pub.dev\flutter_local_notifications_linux-4.0.1\
[   +7 ms] Found plugin firebase_crashlytics at C:\src\pub-cache\hosted\pub.dev\firebase_crashlytics-4.3.10\
[   +4 ms] Found plugin firebase_core at C:\src\pub-cache\hosted\pub.dev\firebase_core-3.15.2\
[   +1 ms] Found plugin firebase_core_web at C:\src\pub-cache\hosted\pub.dev\firebase_core_web-2.24.1\
[   +4 ms] Found plugin firebase_analytics at C:\src\pub-cache\hosted\pub.dev\firebase_analytics-11.6.0\
[   +1 ms] Found plugin firebase_analytics_web at C:\src\pub-cache\hosted\pub.dev\firebase_analytics_web-0.5.10+16\
[   +3 ms] Found plugin connectivity_plus at C:\src\pub-cache\hosted\pub.dev\connectivity_plus-6.1.5\
[   +4 ms] Found plugin audioplayers at C:\src\pub-cache\hosted\pub.dev\audioplayers-6.8.1\
[   +7 ms] Found plugin audioplayers_windows at C:\src\pub-cache\hosted\pub.dev\audioplayers_windows-4.4.1\
[   +6 ms] Found plugin audioplayers_web at C:\src\pub-cache\hosted\pub.dev\audioplayers_web-5.3.0\
[   +1 ms] Found plugin audioplayers_linux at C:\src\pub-cache\hosted\pub.dev\audioplayers_linux-4.3.0\
[   +1 ms] Found plugin audioplayers_darwin at C:\src\pub-cache\hosted\pub.dev\audioplayers_darwin-6.5.0\
[   +2 ms] Found plugin audioplayers_android at C:\src\pub-cache\hosted\pub.dev\audioplayers_android-5.3.0\
[  +37 ms] Found plugin integration_test at C:\src\flutter\packages\integration_test\
[  +43 ms] Found plugin url_launcher at C:\src\pub-cache\hosted\pub.dev\url_launcher-6.3.2\
[   +1 ms] Found plugin url_launcher_windows at C:\src\pub-cache\hosted\pub.dev\url_launcher_windows-3.1.5\
[   +3 ms] Found plugin url_launcher_web at C:\src\pub-cache\hosted\pub.dev\url_launcher_web-2.4.3\
[   +2 ms] Found plugin url_launcher_macos at C:\src\pub-cache\hosted\pub.dev\url_launcher_macos-3.2.5\
[   +1 ms] Found plugin url_launcher_linux at C:\src\pub-cache\hosted\pub.dev\url_launcher_linux-3.2.2\
[   +1 ms] Found plugin url_launcher_ios at C:\src\pub-cache\hosted\pub.dev\url_launcher_ios-6.4.1\
[   +1 ms] Found plugin url_launcher_android at C:\src\pub-cache\hosted\pub.dev\url_launcher_android-6.3.32\
[  +25 ms] Found plugin shared_preferences at C:\src\pub-cache\hosted\pub.dev\shared_preferences-2.5.5\
[   +1 ms] Found plugin shared_preferences_windows at C:\src\pub-cache\hosted\pub.dev\shared_preferences_windows-2.4.1\
[   +2 ms] Found plugin path_provider_windows at C:\src\pub-cache\hosted\pub.dev\path_provider_windows-2.3.0\
[   +4 ms] Found plugin shared_preferences_web at C:\src\pub-cache\hosted\pub.dev\shared_preferences_web-2.4.3\
[   +1 ms] Found plugin shared_preferences_linux at C:\src\pub-cache\hosted\pub.dev\shared_preferences_linux-2.4.1\
[   +2 ms] Found plugin path_provider_linux at C:\src\pub-cache\hosted\pub.dev\path_provider_linux-2.2.1\
[   +3 ms] Found plugin shared_preferences_foundation at C:\src\pub-cache\hosted\pub.dev\shared_preferences_foundation-2.5.6\
[   +1 ms] Found plugin shared_preferences_android at C:\src\pub-cache\hosted\pub.dev\shared_preferences_android-2.4.26\
[   +4 ms] Found plugin app_links at C:\src\pub-cache\hosted\pub.dev\app_links-7.1.2\
[   +1 ms] Found plugin app_links_web at C:\src\pub-cache\hosted\pub.dev\app_links_web-1.0.4\
[   +2 ms] Found plugin app_links_linux at C:\src\pub-cache\hosted\pub.dev\app_links_linux-1.0.3\
[   +1 ms] Found plugin gtk at C:\src\pub-cache\hosted\pub.dev\gtk-2.2.0\
[   +2 ms] Found plugin share_plus at C:\src\pub-cache\hosted\pub.dev\share_plus-10.1.4\
[   +5 ms] Found plugin path_provider at C:\src\pub-cache\hosted\pub.dev\path_provider-2.1.5\
[   +1 ms] Found plugin path_provider_foundation at C:\src\pub-cache\hosted\pub.dev\path_provider_foundation-2.5.1\
[   +1 ms] Found plugin path_provider_android at C:\src\pub-cache\hosted\pub.dev\path_provider_android-2.2.23\
[   +4 ms] Found plugin package_info_plus at C:\src\pub-cache\hosted\pub.dev\package_info_plus-9.0.1\
[   +6 ms] Found plugin in_app_review at C:\src\pub-cache\hosted\pub.dev\in_app_review-2.0.12\
[   +2 ms] Found plugin image_picker at C:\src\pub-cache\hosted\pub.dev\image_picker-1.2.3\
[   +1 ms] Found plugin image_picker_windows at C:\src\pub-cache\hosted\pub.dev\image_picker_windows-0.2.2\
[   +3 ms] Found plugin file_selector_windows at C:\src\pub-cache\hosted\pub.dev\file_selector_windows-0.9.3+5\
[   +3 ms] Found plugin image_picker_macos at C:\src\pub-cache\hosted\pub.dev\image_picker_macos-0.2.2+1\
[   +2 ms] Found plugin file_selector_macos at C:\src\pub-cache\hosted\pub.dev\file_selector_macos-0.9.5\
[   +1 ms] Found plugin image_picker_linux at C:\src\pub-cache\hosted\pub.dev\image_picker_linux-0.2.2\
[   +1 ms] Found plugin file_selector_linux at C:\src\pub-cache\hosted\pub.dev\file_selector_linux-0.9.4\
[   +1 ms] Found plugin image_picker_ios at C:\src\pub-cache\hosted\pub.dev\image_picker_ios-0.8.13+6\
[   +1 ms] Found plugin image_picker_for_web at C:\src\pub-cache\hosted\pub.dev\image_picker_for_web-3.1.1\
[   +1 ms] Found plugin image_picker_android at C:\src\pub-cache\hosted\pub.dev\image_picker_android-0.8.13+19\
[   +1 ms] Found plugin flutter_plugin_android_lifecycle at C:\src\pub-cache\hosted\pub.dev\flutter_plugin_android_lifecycle-2.0.35\
[   +1 ms] Found plugin flutter_local_notifications at C:\src\pub-cache\hosted\pub.dev\flutter_local_notifications-17.2.4\
[   +2 ms] Found plugin flutter_local_notifications_linux at C:\src\pub-cache\hosted\pub.dev\flutter_local_notifications_linux-4.0.1\
[   +5 ms] Found plugin firebase_crashlytics at C:\src\pub-cache\hosted\pub.dev\firebase_crashlytics-4.3.10\
[   +2 ms] Found plugin firebase_core at C:\src\pub-cache\hosted\pub.dev\firebase_core-3.15.2\
[   +1 ms] Found plugin firebase_core_web at C:\src\pub-cache\hosted\pub.dev\firebase_core_web-2.24.1\
[   +3 ms] Found plugin firebase_analytics at C:\src\pub-cache\hosted\pub.dev\firebase_analytics-11.6.0\
[   +1 ms] Found plugin firebase_analytics_web at C:\src\pub-cache\hosted\pub.dev\firebase_analytics_web-0.5.10+16\
[   +3 ms] Found plugin connectivity_plus at C:\src\pub-cache\hosted\pub.dev\connectivity_plus-6.1.5\
[   +3 ms] Found plugin audioplayers at C:\src\pub-cache\hosted\pub.dev\audioplayers-6.8.1\
[   +2 ms] Found plugin audioplayers_windows at C:\src\pub-cache\hosted\pub.dev\audioplayers_windows-4.4.1\
[   +1 ms] Found plugin audioplayers_web at C:\src\pub-cache\hosted\pub.dev\audioplayers_web-5.3.0\
[   +1 ms] Found plugin audioplayers_linux at C:\src\pub-cache\hosted\pub.dev\audioplayers_linux-4.3.0\
[   +1 ms] Found plugin audioplayers_darwin at C:\src\pub-cache\hosted\pub.dev\audioplayers_darwin-6.5.0\
[   +1 ms] Found plugin audioplayers_android at C:\src\pub-cache\hosted\pub.dev\audioplayers_android-5.3.0\
[  +14 ms] Skipping generating web_plugin_registrant.dart because it is up-to-date.
[  +10 ms] Found plugin integration_test at C:\src\flutter\packages\integration_test\
[  +37 ms] Found plugin url_launcher at C:\src\pub-cache\hosted\pub.dev\url_launcher-6.3.2\
[   +1 ms] Found plugin url_launcher_windows at C:\src\pub-cache\hosted\pub.dev\url_launcher_windows-3.1.5\
[   +4 ms] Found plugin url_launcher_web at C:\src\pub-cache\hosted\pub.dev\url_launcher_web-2.4.3\
[   +2 ms] Found plugin url_launcher_macos at C:\src\pub-cache\hosted\pub.dev\url_launcher_macos-3.2.5\
[   +1 ms] Found plugin url_launcher_linux at C:\src\pub-cache\hosted\pub.dev\url_launcher_linux-3.2.2\
[   +1 ms] Found plugin url_launcher_ios at C:\src\pub-cache\hosted\pub.dev\url_launcher_ios-6.4.1\
[   +1 ms] Found plugin url_launcher_android at C:\src\pub-cache\hosted\pub.dev\url_launcher_android-6.3.32\
[  +27 ms] Found plugin shared_preferences at C:\src\pub-cache\hosted\pub.dev\shared_preferences-2.5.5\
[   +1 ms] Found plugin shared_preferences_windows at C:\src\pub-cache\hosted\pub.dev\shared_preferences_windows-2.4.1\
[   +2 ms] Found plugin path_provider_windows at C:\src\pub-cache\hosted\pub.dev\path_provider_windows-2.3.0\
[   +6 ms] Found plugin shared_preferences_web at C:\src\pub-cache\hosted\pub.dev\shared_preferences_web-2.4.3\
[   +2 ms] Found plugin shared_preferences_linux at C:\src\pub-cache\hosted\pub.dev\shared_preferences_linux-2.4.1\
[   +1 ms] Found plugin path_provider_linux at C:\src\pub-cache\hosted\pub.dev\path_provider_linux-2.2.1\
[   +2 ms] Found plugin shared_preferences_foundation at C:\src\pub-cache\hosted\pub.dev\shared_preferences_foundation-2.5.6\
[   +2 ms] Found plugin shared_preferences_android at C:\src\pub-cache\hosted\pub.dev\shared_preferences_android-2.4.26\
[   +3 ms] Found plugin app_links at C:\src\pub-cache\hosted\pub.dev\app_links-7.1.2\
[   +1 ms] Found plugin app_links_web at C:\src\pub-cache\hosted\pub.dev\app_links_web-1.0.4\
[   +2 ms] Found plugin app_links_linux at C:\src\pub-cache\hosted\pub.dev\app_links_linux-1.0.3\
[   +1 ms] Found plugin gtk at C:\src\pub-cache\hosted\pub.dev\gtk-2.2.0\
[   +2 ms] Found plugin share_plus at C:\src\pub-cache\hosted\pub.dev\share_plus-10.1.4\
[   +6 ms] Found plugin path_provider at C:\src\pub-cache\hosted\pub.dev\path_provider-2.1.5\
[   +2 ms] Found plugin path_provider_foundation at C:\src\pub-cache\hosted\pub.dev\path_provider_foundation-2.5.1\
[   +1 ms] Found plugin path_provider_android at C:\src\pub-cache\hosted\pub.dev\path_provider_android-2.2.23\
[   +4 ms] Found plugin package_info_plus at C:\src\pub-cache\hosted\pub.dev\package_info_plus-9.0.1\
[   +5 ms] Found plugin in_app_review at C:\src\pub-cache\hosted\pub.dev\in_app_review-2.0.12\
[   +2 ms] Found plugin image_picker at C:\src\pub-cache\hosted\pub.dev\image_picker-1.2.3\
[   +1 ms] Found plugin image_picker_windows at C:\src\pub-cache\hosted\pub.dev\image_picker_windows-0.2.2\
[   +2 ms] Found plugin file_selector_windows at C:\src\pub-cache\hosted\pub.dev\file_selector_windows-0.9.3+5\
[   +2 ms] Found plugin image_picker_macos at C:\src\pub-cache\hosted\pub.dev\image_picker_macos-0.2.2+1\
[   +1 ms] Found plugin file_selector_macos at C:\src\pub-cache\hosted\pub.dev\file_selector_macos-0.9.5\
[   +1 ms] Found plugin image_picker_linux at C:\src\pub-cache\hosted\pub.dev\image_picker_linux-0.2.2\
[   +1 ms] Found plugin file_selector_linux at C:\src\pub-cache\hosted\pub.dev\file_selector_linux-0.9.4\
[   +2 ms] Found plugin image_picker_ios at C:\src\pub-cache\hosted\pub.dev\image_picker_ios-0.8.13+6\
[   +1 ms] Found plugin image_picker_for_web at C:\src\pub-cache\hosted\pub.dev\image_picker_for_web-3.1.1\
[   +1 ms] Found plugin image_picker_android at C:\src\pub-cache\hosted\pub.dev\image_picker_android-0.8.13+19\
[        ] Found plugin flutter_plugin_android_lifecycle at C:\src\pub-cache\hosted\pub.dev\flutter_plugin_android_lifecycle-2.0.35\
[   +1 ms] Found plugin flutter_local_notifications at C:\src\pub-cache\hosted\pub.dev\flutter_local_notifications-17.2.4\
[   +2 ms] Found plugin flutter_local_notifications_linux at C:\src\pub-cache\hosted\pub.dev\flutter_local_notifications_linux-4.0.1\
[   +4 ms] Found plugin firebase_crashlytics at C:\src\pub-cache\hosted\pub.dev\firebase_crashlytics-4.3.10\
[   +2 ms] Found plugin firebase_core at C:\src\pub-cache\hosted\pub.dev\firebase_core-3.15.2\
[   +1 ms] Found plugin firebase_core_web at C:\src\pub-cache\hosted\pub.dev\firebase_core_web-2.24.1\
[   +4 ms] Found plugin firebase_analytics at C:\src\pub-cache\hosted\pub.dev\firebase_analytics-11.6.0\
[   +3 ms] Found plugin firebase_analytics_web at C:\src\pub-cache\hosted\pub.dev\firebase_analytics_web-0.5.10+16\
[   +7 ms] Found plugin connectivity_plus at C:\src\pub-cache\hosted\pub.dev\connectivity_plus-6.1.5\
[   +5 ms] Found plugin audioplayers at C:\src\pub-cache\hosted\pub.dev\audioplayers-6.8.1\
[   +3 ms] Found plugin audioplayers_windows at C:\src\pub-cache\hosted\pub.dev\audioplayers_windows-4.4.1\
[   +5 ms] Found plugin audioplayers_web at C:\src\pub-cache\hosted\pub.dev\audioplayers_web-5.3.0\
[   +1 ms] Found plugin audioplayers_linux at C:\src\pub-cache\hosted\pub.dev\audioplayers_linux-4.3.0\
[   +1 ms] Found plugin audioplayers_darwin at C:\src\pub-cache\hosted\pub.dev\audioplayers_darwin-6.5.0\
[   +4 ms] Found plugin audioplayers_android at C:\src\pub-cache\hosted\pub.dev\audioplayers_android-5.3.0\
[  +30 ms] Generating C:\src\zankurd_audit_2026-07-15\zankurd_mobile\android\app\src\main\java\io\flutter\plugins\GeneratedPluginRegistrant.java
[  +63 ms] Skipping generating GeneratedPluginRegistrant.h because it is up-to-date.
[   +2 ms] Skipping generating GeneratedPluginRegistrant.m because it is up-to-date.
[ +229 ms]
           ┌─ New feature ────────────────────────────────────────────────────────────────────────────┐
           │   WebAssembly compilation is new. Understand the details before deploying to production. │
           │   See https://flutter.dev/to/wasm for more information.                                  │
           └──────────────────────────────────────────────────────────────────────────────────────────┘

[  +55 ms] Found plugin integration_test at C:\src\flutter\packages\integration_test\
[ +124 ms] Found plugin url_launcher at C:\src\pub-cache\hosted\pub.dev\url_launcher-6.3.2\
[   +1 ms] Found plugin url_launcher_windows at C:\src\pub-cache\hosted\pub.dev\url_launcher_windows-3.1.5\
[   +4 ms] Found plugin url_launcher_web at C:\src\pub-cache\hosted\pub.dev\url_launcher_web-2.4.3\
[   +2 ms] Found plugin url_launcher_macos at C:\src\pub-cache\hosted\pub.dev\url_launcher_macos-3.2.5\
[   +4 ms] Found plugin url_launcher_linux at C:\src\pub-cache\hosted\pub.dev\url_launcher_linux-3.2.2\
[   +2 ms] Found plugin url_launcher_ios at C:\src\pub-cache\hosted\pub.dev\url_launcher_ios-6.4.1\
[   +1 ms] Found plugin url_launcher_android at C:\src\pub-cache\hosted\pub.dev\url_launcher_android-6.3.32\
[  +28 ms] Found plugin shared_preferences at C:\src\pub-cache\hosted\pub.dev\shared_preferences-2.5.5\
[   +1 ms] Found plugin shared_preferences_windows at C:\src\pub-cache\hosted\pub.dev\shared_preferences_windows-2.4.1\
[   +3 ms] Found plugin path_provider_windows at C:\src\pub-cache\hosted\pub.dev\path_provider_windows-2.3.0\
[  +11 ms] Found plugin shared_preferences_web at C:\src\pub-cache\hosted\pub.dev\shared_preferences_web-2.4.3\
[   +1 ms] Found plugin shared_preferences_linux at C:\src\pub-cache\hosted\pub.dev\shared_preferences_linux-2.4.1\
[   +2 ms] Found plugin path_provider_linux at C:\src\pub-cache\hosted\pub.dev\path_provider_linux-2.2.1\
[   +4 ms] Found plugin shared_preferences_foundation at C:\src\pub-cache\hosted\pub.dev\shared_preferences_foundation-2.5.6\
[   +2 ms] Found plugin shared_preferences_android at C:\src\pub-cache\hosted\pub.dev\shared_preferences_android-2.4.26\
[   +6 ms] Found plugin app_links at C:\src\pub-cache\hosted\pub.dev\app_links-7.1.2\
[   +3 ms] Found plugin app_links_web at C:\src\pub-cache\hosted\pub.dev\app_links_web-1.0.4\
[   +4 ms] Found plugin app_links_linux at C:\src\pub-cache\hosted\pub.dev\app_links_linux-1.0.3\
[   +1 ms] Found plugin gtk at C:\src\pub-cache\hosted\pub.dev\gtk-2.2.0\
[   +3 ms] Found plugin share_plus at C:\src\pub-cache\hosted\pub.dev\share_plus-10.1.4\
[   +6 ms] Found plugin path_provider at C:\src\pub-cache\hosted\pub.dev\path_provider-2.1.5\
[   +1 ms] Found plugin path_provider_foundation at C:\src\pub-cache\hosted\pub.dev\path_provider_foundation-2.5.1\
[   +2 ms] Found plugin path_provider_android at C:\src\pub-cache\hosted\pub.dev\path_provider_android-2.2.23\
[   +5 ms] Found plugin package_info_plus at C:\src\pub-cache\hosted\pub.dev\package_info_plus-9.0.1\
[   +6 ms] Found plugin in_app_review at C:\src\pub-cache\hosted\pub.dev\in_app_review-2.0.12\
[   +2 ms] Found plugin image_picker at C:\src\pub-cache\hosted\pub.dev\image_picker-1.2.3\
[   +1 ms] Found plugin image_picker_windows at C:\src\pub-cache\hosted\pub.dev\image_picker_windows-0.2.2\
[   +3 ms] Found plugin file_selector_windows at C:\src\pub-cache\hosted\pub.dev\file_selector_windows-0.9.3+5\
[   +2 ms] Found plugin image_picker_macos at C:\src\pub-cache\hosted\pub.dev\image_picker_macos-0.2.2+1\
[   +1 ms] Found plugin file_selector_macos at C:\src\pub-cache\hosted\pub.dev\file_selector_macos-0.9.5\
[   +2 ms] Found plugin image_picker_linux at C:\src\pub-cache\hosted\pub.dev\image_picker_linux-0.2.2\
[   +1 ms] Found plugin file_selector_linux at C:\src\pub-cache\hosted\pub.dev\file_selector_linux-0.9.4\
[   +1 ms] Found plugin image_picker_ios at C:\src\pub-cache\hosted\pub.dev\image_picker_ios-0.8.13+6\
[   +2 ms] Found plugin image_picker_for_web at C:\src\pub-cache\hosted\pub.dev\image_picker_for_web-3.1.1\
[   +3 ms] Found plugin image_picker_android at C:\src\pub-cache\hosted\pub.dev\image_picker_android-0.8.13+19\
[   +2 ms] Found plugin flutter_plugin_android_lifecycle at C:\src\pub-cache\hosted\pub.dev\flutter_plugin_android_lifecycle-2.0.35\
[   +2 ms] Found plugin flutter_local_notifications at C:\src\pub-cache\hosted\pub.dev\flutter_local_notifications-17.2.4\
[   +2 ms] Found plugin flutter_local_notifications_linux at C:\src\pub-cache\hosted\pub.dev\flutter_local_notifications_linux-4.0.1\
[   +6 ms] Found plugin firebase_crashlytics at C:\src\pub-cache\hosted\pub.dev\firebase_crashlytics-4.3.10\
[   +2 ms] Found plugin firebase_core at C:\src\pub-cache\hosted\pub.dev\firebase_core-3.15.2\
[   +1 ms] Found plugin firebase_core_web at C:\src\pub-cache\hosted\pub.dev\firebase_core_web-2.24.1\
[   +3 ms] Found plugin firebase_analytics at C:\src\pub-cache\hosted\pub.dev\firebase_analytics-11.6.0\
[   +1 ms] Found plugin firebase_analytics_web at C:\src\pub-cache\hosted\pub.dev\firebase_analytics_web-0.5.10+16\
[   +3 ms] Found plugin connectivity_plus at C:\src\pub-cache\hosted\pub.dev\connectivity_plus-6.1.5\
[   +3 ms] Found plugin audioplayers at C:\src\pub-cache\hosted\pub.dev\audioplayers-6.8.1\
[   +2 ms] Found plugin audioplayers_windows at C:\src\pub-cache\hosted\pub.dev\audioplayers_windows-4.4.1\
[   +2 ms] Found plugin audioplayers_web at C:\src\pub-cache\hosted\pub.dev\audioplayers_web-5.3.0\
[   +1 ms] Found plugin audioplayers_linux at C:\src\pub-cache\hosted\pub.dev\audioplayers_linux-4.3.0\
[   +1 ms] Found plugin audioplayers_darwin at C:\src\pub-cache\hosted\pub.dev\audioplayers_darwin-6.5.0\
[   +1 ms] Found plugin audioplayers_android at C:\src\pub-cache\hosted\pub.dev\audioplayers_android-5.3.0\
[   +2 ms] generated_plugin_registrant.dart not found. Skipping.
[   +1 ms] Compiling lib\main.dart for the Web...
[  +12 ms] Initializing file store
[  +56 ms] invalidated build due to missing files: C:\src\zankurd_audit_2026-07-15\zankurd_mobile\web\*\index.html, C:\src\zankurd_audit_2026-07-15\zankurd_mobile\web\flutter_bootstrap.js
[   +2 ms] web_entrypoint: Starting due to {InvalidatedReasonKind.outputSetAddition: The following outputs were added to the output set: C:\src\zankurd_audit_2026-07-15\zankurd_mobile\.dart_tool\flutter_build\65b08538e18f64f035454ad1fa6e45bf\main.dart, InvalidatedReasonKind.inputChanged: The following inputs have updated contents: C:\src\flutter\packages\flutter_tools\lib\src\build_system\targets\web.dart}
[   +1 ms] Skipping target: gen_localizations
[   +3 ms] web_templated_files: Starting due to {InvalidatedReasonKind.buildKeyChanged: The target build key changed., InvalidatedReasonKind.outputSetAddition: The following outputs were added to the output set: C:\src\zankurd_audit_2026-07-15\zankurd_mobile\build\web\*\index.html,C:\src\zankurd_audit_2026-07-15\zankurd_mobile\build\web\flutter_bootstrap.js, InvalidatedReasonKind.inputMissing: The following inputs were missing: C:\src\zankurd_audit_2026-07-15\zankurd_mobile\web\*\index.html,C:\src\zankurd_audit_2026-07-15\zankurd_mobile\web\flutter_bootstrap.js, InvalidatedReasonKind.inputChanged: The following inputs have updated contents: C:\src\flutter\bin\cache\engine.stamp}
[   +6 ms] dart_build: Starting due to {}
[   +2 ms] web_static_assets: Starting due to {InvalidatedReasonKind.inputChanged: The following inputs have updated contents: C:\src\flutter\bin\cache\engine.stamp, InvalidatedReasonKind.outputSetAddition: The following outputs were added to the output set: C:\src\zankurd_audit_2026-07-15\zankurd_mobile\.dart_tool\flutter_build\65b08538e18f64f035454ad1fa6e45bf\flutter.js,C:\src\zankurd_audit_2026-07-15\zankurd_mobile\.dart_tool\flutter_build\65b08538e18f64f035454ad1fa6e45bf\canvaskit\canvaskit.js,C:\src\zankurd_audit_2026-07-15\zankurd_mobile\.dart_tool\flutter_build\65b08538e18f64f035454ad1fa6e45bf\canvaskit\canvaskit.js.symbols,C:\src\zankurd_audit_2026-07-15\zankurd_mobile\.dart_tool\flutter_build\65b08538e18f64f035454ad1fa6e45bf\canvaskit\canvaskit.wasm,C:\src\zankurd_audit_2026-07-15\zankurd_mobile\.dart_tool\flutter_build\65b08538e18f64f035454ad1fa6e45bf\canvaskit\chromium\canvaskit.js,C:\src\zankurd_audit_2026-07-15\zankurd_mobile\.dart_tool\flutter_build\65b08538e18f64f035454ad1fa6e45bf\canvaskit\chromium\canvaskit.js.symbols,C:\src\zankurd_audit_2026-07-15\zankurd_mobile\.dart_tool\flutter_build\65b08538e18f64f035454ad1fa6e45bf\canvaskit\chromium\canvaskit.wasm,C:\src\zankurd_audit_2026-07-15\zankurd_mobile\.dart_tool\flutter_build\65b08538e18f64f035454ad1fa6e45bf\canvaskit\experimental_webparagraph\canvaskit.js,C:\src\zankurd_audit_2026-07-15\zankurd_mobile\.dart_tool\flutter_build\65b08538e18f64f035454ad1fa6e45bf\canvaskit\experimental_webparagraph\canvaskit.js.symbols,C:\src\zankurd_audit_2026-07-15\zankurd_mobile\.dart_tool\flutter_build\65b08538e18f64f035454ad1fa6e45bf\canvaskit\experimental_webparagraph\canvaskit.wasm,C:\src\zankurd_audit_2026-07-15\zankurd_mobile\.dart_tool\flutter_build\65b08538e18f64f035454ad1fa6e45bf\canvaskit\skwasm.js,C:\src\zankurd_audit_2026-07-15\zankurd_mobile\.dart_tool\flutter_build\65b08538e18f64f035454ad1fa6e45bf\canvaskit\skwasm.js.symbols,C:\src\zankurd_audit_2026-07-15\zankurd_mobile\.dart_tool\flutter_build\65b08538e18f64f035454ad1fa6e45bf\canvaskit\skwasm.wasm,C:\src\zankurd_audit_2026-07-15\zankurd_mobile\.dart_tool\flutter_build\65b08538e18f64f035454ad1fa6e45bf\canvaskit\skwasm_heavy.js,C:\src\zankurd_audit_2026-07-15\zankurd_mobile\.dart_tool\flutter_build\65b08538e18f64f035454ad1fa6e45bf\canvaskit\skwasm_heavy.js.symbols,C:\src\zankurd_audit_2026-07-15\zankurd_mobile\.dart_tool\flutter_build\65b08538e18f64f035454ad1fa6e45bf\canvaskit\skwasm_heavy.wasm,C:\src\zankurd_audit_2026-07-15\zankurd_mobile\.dart_tool\flutter_build\65b08538e18f64f035454ad1fa6e45bf\canvaskit\wimp.js,C:\src\zankurd_audit_2026-07-15\zankurd_mobile\.dart_tool\flutter_build\65b08538e18f64f035454ad1fa6e45bf\canvaskit\wimp.js.symbols,C:\src\zankurd_audit_2026-07-15\zankurd_mobile\.dart_tool\flutter_build\65b08538e18f64f035454ad1fa6e45bf\canvaskit\wimp.wasm}
[ +157 ms] web_static_assets: Complete
[  +48 ms] Found plugin integration_test at C:\src\flutter\packages\integration_test\
[   +4 ms] web_templated_files: Complete
[ +110 ms] Found plugin url_launcher at C:\src\pub-cache\hosted\pub.dev\url_launcher-6.3.2\
[   +2 ms] Found plugin url_launcher_windows at C:\src\pub-cache\hosted\pub.dev\url_launcher_windows-3.1.5\
[   +6 ms] No packages with native assets. Skipping native assets compilation.
[   +9 ms] dart_build: Complete
[  +22 ms] Found plugin url_launcher_web at C:\src\pub-cache\hosted\pub.dev\url_launcher_web-2.4.3\
[   +3 ms] Found plugin url_launcher_macos at C:\src\pub-cache\hosted\pub.dev\url_launcher_macos-3.2.5\
[   +1 ms] Found plugin url_launcher_linux at C:\src\pub-cache\hosted\pub.dev\url_launcher_linux-3.2.2\
[   +1 ms] Found plugin url_launcher_ios at C:\src\pub-cache\hosted\pub.dev\url_launcher_ios-6.4.1\
[   +2 ms] Found plugin url_launcher_android at C:\src\pub-cache\hosted\pub.dev\url_launcher_android-6.3.32\
[  +29 ms] Found plugin shared_preferences at C:\src\pub-cache\hosted\pub.dev\shared_preferences-2.5.5\
[   +1 ms] Found plugin shared_preferences_windows at C:\src\pub-cache\hosted\pub.dev\shared_preferences_windows-2.4.1\
[   +3 ms] Found plugin path_provider_windows at C:\src\pub-cache\hosted\pub.dev\path_provider_windows-2.3.0\
[   +4 ms] Found plugin shared_preferences_web at C:\src\pub-cache\hosted\pub.dev\shared_preferences_web-2.4.3\
[   +1 ms] Found plugin shared_preferences_linux at C:\src\pub-cache\hosted\pub.dev\shared_preferences_linux-2.4.1\
[   +1 ms] Found plugin path_provider_linux at C:\src\pub-cache\hosted\pub.dev\path_provider_linux-2.2.1\
[   +6 ms] Found plugin shared_preferences_foundation at C:\src\pub-cache\hosted\pub.dev\shared_preferences_foundation-2.5.6\
[   +4 ms] Found plugin shared_preferences_android at C:\src\pub-cache\hosted\pub.dev\shared_preferences_android-2.4.26\
[   +6 ms] Found plugin app_links at C:\src\pub-cache\hosted\pub.dev\app_links-7.1.2\
[   +2 ms] Found plugin app_links_web at C:\src\pub-cache\hosted\pub.dev\app_links_web-1.0.4\
[   +4 ms] Found plugin app_links_linux at C:\src\pub-cache\hosted\pub.dev\app_links_linux-1.0.3\
[   +1 ms] Found plugin gtk at C:\src\pub-cache\hosted\pub.dev\gtk-2.2.0\
[   +5 ms] Found plugin share_plus at C:\src\pub-cache\hosted\pub.dev\share_plus-10.1.4\
[   +9 ms] Found plugin path_provider at C:\src\pub-cache\hosted\pub.dev\path_provider-2.1.5\
[   +2 ms] Found plugin path_provider_foundation at C:\src\pub-cache\hosted\pub.dev\path_provider_foundation-2.5.1\
[   +1 ms] Found plugin path_provider_android at C:\src\pub-cache\hosted\pub.dev\path_provider_android-2.2.23\
[   +7 ms] Found plugin package_info_plus at C:\src\pub-cache\hosted\pub.dev\package_info_plus-9.0.1\
[   +6 ms] Found plugin in_app_review at C:\src\pub-cache\hosted\pub.dev\in_app_review-2.0.12\
[   +3 ms] Found plugin image_picker at C:\src\pub-cache\hosted\pub.dev\image_picker-1.2.3\
[   +1 ms] Found plugin image_picker_windows at C:\src\pub-cache\hosted\pub.dev\image_picker_windows-0.2.2\
[   +3 ms] Found plugin file_selector_windows at C:\src\pub-cache\hosted\pub.dev\file_selector_windows-0.9.3+5\
[   +3 ms] Found plugin image_picker_macos at C:\src\pub-cache\hosted\pub.dev\image_picker_macos-0.2.2+1\
[   +1 ms] Found plugin file_selector_macos at C:\src\pub-cache\hosted\pub.dev\file_selector_macos-0.9.5\
[   +1 ms] Found plugin image_picker_linux at C:\src\pub-cache\hosted\pub.dev\image_picker_linux-0.2.2\
[   +1 ms] Found plugin file_selector_linux at C:\src\pub-cache\hosted\pub.dev\file_selector_linux-0.9.4\
[   +1 ms] Found plugin image_picker_ios at C:\src\pub-cache\hosted\pub.dev\image_picker_ios-0.8.13+6\
[   +1 ms] Found plugin image_picker_for_web at C:\src\pub-cache\hosted\pub.dev\image_picker_for_web-3.1.1\
[   +1 ms] Found plugin image_picker_android at C:\src\pub-cache\hosted\pub.dev\image_picker_android-0.8.13+19\
[   +1 ms] Found plugin flutter_plugin_android_lifecycle at C:\src\pub-cache\hosted\pub.dev\flutter_plugin_android_lifecycle-2.0.35\
[   +1 ms] Found plugin flutter_local_notifications at C:\src\pub-cache\hosted\pub.dev\flutter_local_notifications-17.2.4\
[   +2 ms] Found plugin flutter_local_notifications_linux at C:\src\pub-cache\hosted\pub.dev\flutter_local_notifications_linux-4.0.1\
[   +5 ms] Found plugin firebase_crashlytics at C:\src\pub-cache\hosted\pub.dev\firebase_crashlytics-4.3.10\
[   +2 ms] Found plugin firebase_core at C:\src\pub-cache\hosted\pub.dev\firebase_core-3.15.2\
[   +1 ms] Found plugin firebase_core_web at C:\src\pub-cache\hosted\pub.dev\firebase_core_web-2.24.1\
[   +3 ms] Found plugin firebase_analytics at C:\src\pub-cache\hosted\pub.dev\firebase_analytics-11.6.0\
[   +1 ms] Found plugin firebase_analytics_web at C:\src\pub-cache\hosted\pub.dev\firebase_analytics_web-0.5.10+16\
[   +3 ms] Found plugin connectivity_plus at C:\src\pub-cache\hosted\pub.dev\connectivity_plus-6.1.5\
[   +3 ms] Found plugin audioplayers at C:\src\pub-cache\hosted\pub.dev\audioplayers-6.8.1\
[   +2 ms] Found plugin audioplayers_windows at C:\src\pub-cache\hosted\pub.dev\audioplayers_windows-4.4.1\
[   +3 ms] Found plugin audioplayers_web at C:\src\pub-cache\hosted\pub.dev\audioplayers_web-5.3.0\
[   +1 ms] Found plugin audioplayers_linux at C:\src\pub-cache\hosted\pub.dev\audioplayers_linux-4.3.0\
[   +1 ms] Found plugin audioplayers_darwin at C:\src\pub-cache\hosted\pub.dev\audioplayers_darwin-6.5.0\
[   +1 ms] Found plugin audioplayers_android at C:\src\pub-cache\hosted\pub.dev\audioplayers_android-5.3.0\
[   +6 ms] web_entrypoint: Complete
[  +23 ms] dart2wasm: Starting due to {}
[  +16 ms] executing: C:\src\flutter\bin\cache\dart-sdk\bin\dart.exe compile wasm --packages=C:\src\zankurd_audit_2026-07-15\zankurd_mobile\.dart_tool\package_config.json --extra-compiler-option=--platform=C:\src\flutter\bin\cache\flutter_web_sdk\kernel\dart2wasm_platform.dill -Ddart.vm.profile=false -Ddart.vm.product=true --extra-compiler-option=--delete-tostring-package-uri=dart:ui --extra-compiler-option=--delete-tostring-package-uri=package:flutter --extra-compiler-option=--import-shared-memory --extra-compiler-option=--shared-memory-max-pages=32768 -DFLUTTER_VERSION=3.44.1 -DFLUTTER_CHANNEL=stable -DFLUTTER_GIT_URL=https://github.com/flutter/flutter.git -DFLUTTER_FRAMEWORK_REVISION=924134a44c -DFLUTTER_ENGINE_REVISION=c416acfeb8 -DFLUTTER_DART_VERSION=3.12.1 -DFLUTTER_WEB_USE_SKIA=false -DFLUTTER_WEB_USE_SKWASM=true -DFLUTTER_WEB_CANVASKIT_URL=https://www.gstatic.com/flutter-canvaskit/c416acfeb8126e097f758c664aaa3da929e27da0/ --extra-compiler-option=--depfile=C:\src\zankurd_audit_2026-07-15\zankurd_mobile\.dart_tool\flutter_build\65b08538e18f64f035454ad1fa6e45bf\dart2wasm.d -O2 --strip-wasm --no-source-maps --minify -o C:\src\zankurd_audit_2026-07-15\zankurd_mobile\.dart_tool\flutter_build\65b08538e18f64f035454ad1fa6e45bf\main.dart.wasm C:\src\zankurd_audit_2026-07-15\zankurd_mobile\.dart_tool\flutter_build\65b08538e18f64f035454ad1fa6e45bf\main.dart
[   +1 ms] dart2js: Starting due to {}
[   +5 ms] executing: C:\src\flutter\bin\cache\dart-sdk\bin\dart.exe compile js --platform-binaries=C:\src\flutter\bin\cache\flutter_web_sdk\kernel --invoker=flutter_tool -Ddart.vm.product=true -DFLUTTER_VERSION=3.44.1 -DFLUTTER_CHANNEL=stable -DFLUTTER_GIT_URL=https://github.com/flutter/flutter.git -DFLUTTER_FRAMEWORK_REVISION=924134a44c -DFLUTTER_ENGINE_REVISION=c416acfeb8 -DFLUTTER_DART_VERSION=3.12.1 -DFLUTTER_WEB_USE_SKIA=true -DFLUTTER_WEB_USE_SKWASM=false -DFLUTTER_WEB_CANVASKIT_URL=https://www.gstatic.com/flutter-canvaskit/c416acfeb8126e097f758c664aaa3da929e27da0/ --native-null-assertions --no-source-maps -O4 --minify -o C:\src\zankurd_audit_2026-07-15\zankurd_mobile\.dart_tool\flutter_build\65b08538e18f64f035454ad1fa6e45bf\app.dill --packages=C:\src\zankurd_audit_2026-07-15\zankurd_mobile\.dart_tool\package_config.json --cfe-only C:\src\zankurd_audit_2026-07-15\zankurd_mobile\.dart_tool\flutter_build\65b08538e18f64f035454ad1fa6e45bf\main.dart
[+56583 ms] Compiled 52,790,310 input bytes (44,636,249 characters source) to 38,685,736 kernel bytes in 55.4 seconds
            Dart file .dart_tool/flutter_build/65b08538e18f64f035454ad1fa6e45bf/main.dart compiled to dill: .dart_tool/flutter_build/65b08538e18f64f035454ad1fa6e45bf/app.dill.
[        ] executing: C:\src\flutter\bin\cache\dart-sdk\bin\dart.exe compile js --platform-binaries=C:\src\flutter\bin\cache\flutter_web_sdk\kernel --invoker=flutter_tool -Ddart.vm.product=true -DFLUTTER_VERSION=3.44.1 -DFLUTTER_CHANNEL=stable -DFLUTTER_GIT_URL=https://github.com/flutter/flutter.git -DFLUTTER_FRAMEWORK_REVISION=924134a44c -DFLUTTER_ENGINE_REVISION=c416acfeb8 -DFLUTTER_DART_VERSION=3.12.1 -DFLUTTER_WEB_USE_SKIA=true -DFLUTTER_WEB_USE_SKWASM=false -DFLUTTER_WEB_CANVASKIT_URL=https://www.gstatic.com/flutter-canvaskit/c416acfeb8126e097f758c664aaa3da929e27da0/ --native-null-assertions --no-source-maps -O4 --minify -o C:\src\zankurd_audit_2026-07-15\zankurd_mobile\.dart_tool\flutter_build\65b08538e18f64f035454ad1fa6e45bf\main.dart.js C:\src\zankurd_audit_2026-07-15\zankurd_mobile\.dart_tool\flutter_build\65b08538e18f64f035454ad1fa6e45bf\app.dill
[+70851 ms] ../../flutter/packages/flutter/lib/src/widgets/widget_state.dart:1042:9:
            Hint: This 'noSuchMethod' implementation is guaranteed to throw an exception. The generated code will be smaller if it is rewritten.
            Rewrite to 'noSuchMethod(Invocation i) => super.noSuchMethod(i);'.
              Never noSuchMethod(Invocation invocation) {
                    ^
            Compiled 56,059,720 input bytes (9,271,384 characters source) to 4,964,988 characters JavaScript in 69.7 seconds
[  +82 ms] dart2js: Complete
[+27504 ms] Generated wasm module 'C:\src\zankurd_audit_2026-07-15\zankurd_mobile\.dart_tool\flutter_build\65b08538e18f64f035454ad1fa6e45bf\main.dart.wasm', and JS init file 'C:\src\zankurd_audit_2026-07-15\zankurd_mobile\.dart_tool\flutter_build\65b08538e18f64f035454ad1fa6e45bf\main.dart.mjs'.
[        ] dart2wasm: Complete
[+2051 ms] web_release_bundle: Starting due to {}
[ +501 ms] Manifest contained wildcard assets. Inserting missing file into build graph to force rerun. for more information see #56466.
[ +125 ms] impellerc command: [C:\src\flutter\bin\cache\artifacts\engine\windows-x64\impellerc.exe, --sksl, --iplr, --json, --sl=C:\src\zankurd_audit_2026-07-15\zankurd_mobile\build\web\assets\shaders/ink_sparkle.frag, --spirv=C:\src\zankurd_audit_2026-07-15\zankurd_mobile\build\web\assets\shaders/ink_sparkle.frag.spirv, --input=C:\src\flutter\packages\flutter\lib\src\material\shaders\ink_sparkle.frag, --input-type=frag, --include=C:\src\flutter\packages\flutter\lib\src\material\shaders, --include=C:\src\flutter\bin\cache\artifacts\engine\windows-x64\shader_lib]
[   +2 ms] impellerc command: [C:\src\flutter\bin\cache\artifacts\engine\windows-x64\impellerc.exe, --sksl, --iplr, --json, --sl=C:\src\zankurd_audit_2026-07-15\zankurd_mobile\build\web\assets\shaders/stretch_effect.frag, --spirv=C:\src\zankurd_audit_2026-07-15\zankurd_mobile\build\web\assets\shaders/stretch_effect.frag.spirv, --input=C:\src\flutter\packages\flutter\lib\src\material\shaders\stretch_effect.frag, --input-type=frag, --include=C:\src\flutter\packages\flutter\lib\src\material\shaders, --include=C:\src\flutter\bin\cache\artifacts\engine\windows-x64\shader_lib]
[ +526 ms] Running command: C:\src\flutter\bin\cache\dart-sdk\bin\dart.exe C:\src\flutter\bin\cache\artifacts\engine\windows-x64\const_finder.dart.snapshot --kernel-file C:\src\zankurd_audit_2026-07-15\zankurd_mobile\.dart_tool\flutter_build\65b08538e18f64f035454ad1fa6e45bf\app.dill --class-library-uri package:flutter/src/widgets/icon_data.dart --class-name IconData --annotation-class-name _StaticIconProvider --annotation-class-library-uri package:flutter/src/widgets/icon_data.dart
[+2190 ms] Expected to find fontFamily for constant IconData with codepoint: 128842.0, but found fontFamily: null. This usually means you are relying on the system font. Alternatively, font families in an IconData class can be provided in the assets section of your pubspec.yaml, or you are missing "uses-material-design: true".
[        ] Expected to find fontFamily for constant IconData with codepoint: 9658.0, but found fontFamily: null. This usually means you are relying on the system font. Alternatively, font families in an IconData class can be provided in the assets section of your pubspec.yaml, or you are missing "uses-material-design: true".
[   +2 ms] Running font-subset: C:\src\flutter\bin\cache\artifacts\engine\windows-x64\font-subset.exe C:\src\zankurd_audit_2026-07-15\zankurd_mobile\build\web\assets\packages/cupertino_icons/assets/CupertinoIcons.ttf C:\src\pub-cache\hosted\pub.dev\cupertino_icons-1.0.9\assets\CupertinoIcons.ttf, using codepoints 62468 62730 62717 62419 62415 62629 62318 optional:32
[   +1 ms] Running font-subset: C:\src\flutter\bin\cache\artifacts\engine\windows-x64\font-subset.exe C:\src\zankurd_audit_2026-07-15\zankurd_mobile\build\web\assets\fonts/MaterialIcons-Regular.otf C:\src\flutter\bin\cache\artifacts\material_fonts\MaterialIcons-Regular.otf, using codepoints 63477 983484 983153 61703 58136 62410 58856 58519 58513 57490 62832 57706 58332 57502 57501 57496 57694 57695 57657 57882 57504 61453 57634 57498 57926 57704 57491 61061 61060 62834 62833 59283 59282 57499 57500 61069 61068 62842 62841 59291 59290 58011 58012 61575 61576 63348 63349 59797 59798 58372 58370 61930 61927 63708 63705 60157 60154 58771 58189 62328 61752 983402 63526 60555 59975 58814 58813 57846 57862 58727 57686 61764 57402 58880 58003 61343 61794 63595 63695 984790 983574 61888 63428 63035 983772 983342 62876 62268 62178 62454 61890 983508 63030 63624 58564 983897 983105 63283 983989 983304 983159 983238 983582 63212 63013 62748 63033 63056 983339 63620 983376 983751 63025 984000 983621 63352 63351 63218 983636 63668 63239 983814 983134 58214 63560 62318 57588 57424 62447 58504 61784 63627 63679 984737 61044 63626 985226 61464 61847 59070 59069 58290 62922 63382 983273 63024 63023 63084 61239 62538 63091 61657 983143 983200 983415 984405 63047 61096 63287 61234 62031 62870 983583 62872 58359 62335 62333 61783 61240 62403 983615 983292 63250 63028 57585 62221 63488 61563 61727 61466 58258 61818 63460 61917 57690 61224 58289 58236 983442 62162 984351 62376 61267 63520 63509 63277 62109 63725 63677 63550 983726 63227 983403 63596 983118 983699 62260 58286 57689 61901 62929 58573 61156 983132 983133 984740 983396 61112 983712 61352 61083 62329 61047 62632 62631 62004 62006 60973 62160 63581 983477 983367 63029 62746 63531 62558 985249 60978 62164 61947 61720 61370 983632 985218 62751 983581 63405 985235 63143 61792 984557 61153 983501 61097 61659 62199 62547 984513 62303 63486 61509 983291 985256 62435 983505 61258 63031 58123 983932 983252 optional:32
[  +51 ms] Font asset "CupertinoIcons.ttf" was tree-shaken, reducing it from 257628 to 1472 bytes (99.4% reduction). Tree-shaking can be disabled by providing the --no-tree-shake-icons flag when building your app.
[  +13 ms] Font asset "MaterialIcons-Regular.otf" was tree-shaken, reducing it from 1645184 to 40572 bytes (97.5% reduction). Tree-shaking can be disabled by providing the --no-tree-shake-icons flag when building your app.
[  +35 ms] web_release_bundle: Complete
[+8594 ms] web_service_worker: Starting due to {}
[  +13 ms] web_service_worker: Complete
[+1673 ms] Persisting file store
[  +20 ms] Done persisting file store
[  +54 ms] Compiling lib\main.dart for the Web... (completed in 171,5s)
[        ] √ Built build\web
[  +79 ms] "flutter web" took 174.351ms.
[ +214 ms] Running 1 shutdown hook
[   +1 ms] Shutdown hooks complete
[ +220 ms] exiting with code 0
